[ 2017-06-05T21:11:29+08:00 ] 127.0.0.1 /webshop/admin.php/Admin/admin
INFO: [ route_check ] --START--
INFO: CheckRoute Behavior ::run [ RunTime:0.001807s ]
INFO: [ route_check ] --END-- [ RunTime:0.001922s ]
INFO: [ app_begin ] --START--
INFO: ReadHtmlCache Behavior ::run [ RunTime:0.001762s ]
INFO: [ app_begin ] --END-- [ RunTime:0.001923s ]
INFO: [ view_parse ] --START--
INFO: ParseTemplate Behavior ::run [ RunTime:0.032978s ]
INFO: [ view_parse ] --END-- [ RunTime:0.033104s ]
INFO: [ view_filter ] --START--
INFO: ContentReplace Behavior ::run [ RunTime:0.001511s ]
INFO: TokenBuild Behavior ::run [ RunTime:0.001473s ]
INFO: WriteHtmlCache Behavior ::run [ RunTime:0.001340s ]
INFO: ShowRuntime Behavior ::run [ RunTime:0.001594s ]
INFO: [ view_filter ] --END-- [ RunTime:0.006149s ]
INFO: [ view_end ] --START--
INFO: ShowPageTrace Behavior ::run [ RunTime:0.001740s ]
INFO: [ view_end ] --END-- [ RunTime:0.001819s ]

[ 2017-06-05T21:11:39+08:00 ] 127.0.0.1 /webshop/admin.php/Admin/handleAdminLogin
INFO: [ route_check ] --START--
INFO: CheckRoute Behavior ::run [ RunTime:0.002109s ]
INFO: [ route_check ] --END-- [ RunTime:0.002248s ]
INFO: [ app_begin ] --START--
INFO: ReadHtmlCache Behavior ::run [ RunTime:0.001519s ]
INFO: [ app_begin ] --END-- [ RunTime:0.001621s ]
NOTIC: 建议使用I方法替代_post
NOTIC: 建议使用I方法替代_post
SQL: SHOW COLUMNS FROM `admin` [ RunTime:0.132921s ]
SQL: SELECT COUNT(*) AS tp_count FROM `admin` WHERE ( account='zhangsan' AND password='123456' ) LIMIT 1   [ RunTime:0.000609s ]

[ 2017-06-05T21:11:41+08:00 ] 127.0.0.1 /webshop/admin.php/Admin/Admin/adminHome
INFO: [ route_check ] --START--
INFO: CheckRoute Behavior ::run [ RunTime:0.000920s ]
INFO: [ route_check ] --END-- [ RunTime:0.001028s ]
INFO: [ app_begin ] --START--
INFO: ReadHtmlCache Behavior ::run [ RunTime:0.000611s ]
INFO: [ app_begin ] --END-- [ RunTime:0.000684s ]
INFO: [ view_parse ] --START--
INFO: ParseTemplate Behavior ::run [ RunTime:0.013912s ]
INFO: [ view_parse ] --END-- [ RunTime:0.014028s ]
INFO: [ view_filter ] --START--
INFO: ContentReplace Behavior ::run [ RunTime:0.001300s ]
INFO: TokenBuild Behavior ::run [ RunTime:0.001314s ]
INFO: WriteHtmlCache Behavior ::run [ RunTime:0.001171s ]
INFO: ShowRuntime Behavior ::run [ RunTime:0.001414s ]
INFO: [ view_filter ] --END-- [ RunTime:0.005420s ]
INFO: [ view_end ] --START--
INFO: ShowPageTrace Behavior ::run [ RunTime:0.001598s ]
INFO: [ view_end ] --END-- [ RunTime:0.001681s ]

[ 2017-06-05T21:11:46+08:00 ] 127.0.0.1 /webshop/admin.php/Admin/handleAdminLogin
INFO: [ route_check ] --START--
INFO: CheckRoute Behavior ::run [ RunTime:0.001843s ]
INFO: [ route_check ] --END-- [ RunTime:0.001955s ]
INFO: [ app_begin ] --START--
INFO: ReadHtmlCache Behavior ::run [ RunTime:0.001528s ]
INFO: [ app_begin ] --END-- [ RunTime:0.001626s ]
NOTIC: 建议使用I方法替代_post
NOTIC: 建议使用I方法替代_post
SQL: SHOW COLUMNS FROM `admin` [ RunTime:0.013943s ]
SQL: SELECT COUNT(*) AS tp_count FROM `admin` WHERE ( account='zhangsan' AND password='1234567' ) LIMIT 1   [ RunTime:0.000584s ]

[ 2017-06-05T21:11:46+08:00 ] 127.0.0.1 /webshop/admin.php/Admin/adminHome.shtml
INFO: [ route_check ] --START--
INFO: CheckRoute Behavior ::run [ RunTime:0.001150s ]
INFO: [ route_check ] --END-- [ RunTime:0.001310s ]
INFO: [ app_begin ] --START--
INFO: ReadHtmlCache Behavior ::run [ RunTime:0.000784s ]
INFO: [ app_begin ] --END-- [ RunTime:0.000878s ]
SQL: SHOW COLUMNS FROM `user` [ RunTime:0.006283s ]
NOTIC: 建议使用I方法替代_get
SQL: SELECT COUNT(*) AS tp_count FROM `user` LIMIT 1   [ RunTime:0.000271s ]
NOTIC: 建议使用I方法替代_get
SQL: SELECT `id`,`username`,`phone`,`frozen`,`time` FROM `user` LIMIT 0,5   [ RunTime:0.000262s ]
INFO: [ view_parse ] --START--
INFO: ParseTemplate Behavior ::run [ RunTime:0.033994s ]
INFO: [ view_parse ] --END-- [ RunTime:0.034106s ]
INFO: [ view_filter ] --START--
INFO: ContentReplace Behavior ::run [ RunTime:0.000513s ]
INFO: TokenBuild Behavior ::run [ RunTime:0.000444s ]
INFO: WriteHtmlCache Behavior ::run [ RunTime:0.000311s ]
INFO: ShowRuntime Behavior ::run [ RunTime:0.000522s ]
INFO: [ view_filter ] --END-- [ RunTime:0.002009s ]
INFO: [ view_end ] --START--
INFO: ShowPageTrace Behavior ::run [ RunTime:0.000693s ]
INFO: [ view_end ] --END-- [ RunTime:0.000776s ]

[ 2017-06-05T21:11:51+08:00 ] 127.0.0.1 /webshop/admin.php/Product/product
INFO: [ route_check ] --START--
INFO: CheckRoute Behavior ::run [ RunTime:0.001761s ]
INFO: [ route_check ] --END-- [ RunTime:0.001866s ]
INFO: [ app_begin ] --START--
INFO: ReadHtmlCache Behavior ::run [ RunTime:0.001486s ]
INFO: [ app_begin ] --END-- [ RunTime:0.001577s ]
SQL: SHOW COLUMNS FROM `phone` [ RunTime:0.006569s ]
NOTIC: 建议使用I方法替代_get
SQL: SELECT COUNT(*) AS tp_count FROM `phone` LIMIT 1   [ RunTime:0.000232s ]
NOTIC: 建议使用I方法替代_get
SQL: SELECT * FROM `phone` LIMIT 0,3   [ RunTime:0.000211s ]
INFO: [ view_parse ] --START--
INFO: ParseTemplate Behavior ::run [ RunTime:0.061888s ]
INFO: [ view_parse ] --END-- [ RunTime:0.061999s ]
INFO: [ view_filter ] --START--
INFO: ContentReplace Behavior ::run [ RunTime:0.001460s ]
INFO: TokenBuild Behavior ::run [ RunTime:0.001412s ]
INFO: WriteHtmlCache Behavior ::run [ RunTime:0.001186s ]
INFO: ShowRuntime Behavior ::run [ RunTime:0.001405s ]
INFO: [ view_filter ] --END-- [ RunTime:0.005684s ]
INFO: [ view_end ] --START--
INFO: ShowPageTrace Behavior ::run [ RunTime:0.001625s ]
INFO: [ view_end ] --END-- [ RunTime:0.001716s ]

[ 2017-06-05T21:11:57+08:00 ] 127.0.0.1 /webshop/admin.php/Broadcast/broadcast
INFO: [ route_check ] --START--
INFO: CheckRoute Behavior ::run [ RunTime:0.000986s ]
INFO: [ route_check ] --END-- [ RunTime:0.001130s ]
INFO: [ app_begin ] --START--
INFO: ReadHtmlCache Behavior ::run [ RunTime:0.000687s ]
INFO: [ app_begin ] --END-- [ RunTime:0.000776s ]
SQL: SHOW COLUMNS FROM `broadcast` [ RunTime:0.007577s ]
SQL: SELECT * FROM `broadcast`  [ RunTime:0.000344s ]
INFO: [ view_parse ] --START--
INFO: ParseTemplate Behavior ::run [ RunTime:0.069773s ]
INFO: [ view_parse ] --END-- [ RunTime:0.069904s ]
INFO: [ view_filter ] --START--
INFO: ContentReplace Behavior ::run [ RunTime:0.000571s ]
INFO: TokenBuild Behavior ::run [ RunTime:0.000494s ]
INFO: WriteHtmlCache Behavior ::run [ RunTime:0.000354s ]
INFO: ShowRuntime Behavior ::run [ RunTime:0.000624s ]
INFO: [ view_filter ] --END-- [ RunTime:0.002268s ]
INFO: [ view_end ] --START--
INFO: ShowPageTrace Behavior ::run [ RunTime:0.000914s ]
INFO: [ view_end ] --END-- [ RunTime:0.001037s ]

[ 2017-06-05T21:12:56+08:00 ] 127.0.0.1 /webshop/admin.php/MyList/mylist
INFO: [ route_check ] --START--
INFO: CheckRoute Behavior ::run [ RunTime:0.001211s ]
INFO: [ route_check ] --END-- [ RunTime:0.001345s ]
INFO: [ app_begin ] --START--
INFO: ReadHtmlCache Behavior ::run [ RunTime:0.000789s ]
INFO: [ app_begin ] --END-- [ RunTime:0.000884s ]
SQL: SHOW COLUMNS FROM `mylist` [ RunTime:0.034988s ]
SQL: SELECT * FROM `mylist`  [ RunTime:0.000434s ]
SQL: SELECT * FROM `mylist`  [ RunTime:0.000324s ]
SQL: SELECT * FROM `mylist`  [ RunTime:0.000337s ]
SQL: SELECT * FROM `mylist`  [ RunTime:0.000265s ]
SQL: SELECT * FROM `mylist`  [ RunTime:0.000345s ]
INFO: [ view_parse ] --START--
INFO: ParseTemplate Behavior ::run [ RunTime:0.050201s ]
INFO: [ view_parse ] --END-- [ RunTime:0.050352s ]
INFO: [ view_filter ] --START--
INFO: ContentReplace Behavior ::run [ RunTime:0.001422s ]
INFO: TokenBuild Behavior ::run [ RunTime:0.001317s ]
INFO: WriteHtmlCache Behavior ::run [ RunTime:0.001168s ]
INFO: ShowRuntime Behavior ::run [ RunTime:0.001454s ]
INFO: [ view_filter ] --END-- [ RunTime:0.005572s ]
INFO: [ view_end ] --START--
INFO: ShowPageTrace Behavior ::run [ RunTime:0.001789s ]
INFO: [ view_end ] --END-- [ RunTime:0.001869s ]

[ 2017-06-05T21:12:58+08:00 ] 127.0.0.1 /webshop/admin.php/Order/order
INFO: [ route_check ] --START--
INFO: CheckRoute Behavior ::run [ RunTime:0.001015s ]
INFO: [ route_check ] --END-- [ RunTime:0.001137s ]
INFO: [ app_begin ] --START--
INFO: ReadHtmlCache Behavior ::run [ RunTime:0.000655s ]
INFO: [ app_begin ] --END-- [ RunTime:0.000740s ]
SQL: SHOW COLUMNS FROM `orders` [ RunTime:0.142429s ]
SQL: SHOW COLUMNS FROM `phone` [ RunTime:0.013588s ]
SQL: SELECT COUNT(*) AS tp_count FROM `orders` WHERE ( tip=0 ) LIMIT 1   [ RunTime:0.000611s ]
NOTIC: 建议使用I方法替代_get
SQL: select orders.id,orders.phoneid,orders.addr,orders.content,orders.num , orders.username,orders.time,phone.color, phone.proname,phone.neicun,phone.cunchu from orders,phone  where orders.phoneid = phone.phoneid and tip=0 limit 0,3 [ RunTime:0.000719s ]
INFO: [ view_parse ] --START--
INFO: ParseTemplate Behavior ::run [ RunTime:0.041651s ]
INFO: [ view_parse ] --END-- [ RunTime:0.041875s ]
INFO: [ view_filter ] --START--
INFO: ContentReplace Behavior ::run [ RunTime:0.001027s ]
INFO: TokenBuild Behavior ::run [ RunTime:0.000908s ]
INFO: WriteHtmlCache Behavior ::run [ RunTime:0.000352s ]
INFO: ShowRuntime Behavior ::run [ RunTime:0.000516s ]
INFO: [ view_filter ] --END-- [ RunTime:0.003142s ]
INFO: [ view_end ] --START--
INFO: ShowPageTrace Behavior ::run [ RunTime:0.000712s ]
INFO: [ view_end ] --END-- [ RunTime:0.000794s ]

[ 2017-06-05T21:13:01+08:00 ] 127.0.0.1 /webshop/admin.php/Order/hasOrder
INFO: [ route_check ] --START--
INFO: CheckRoute Behavior ::run [ RunTime:0.001129s ]
INFO: [ route_check ] --END-- [ RunTime:0.001278s ]
INFO: [ app_begin ] --START--
INFO: ReadHtmlCache Behavior ::run [ RunTime:0.000709s ]
INFO: [ app_begin ] --END-- [ RunTime:0.000799s ]
SQL: SHOW COLUMNS FROM `orders` [ RunTime:0.013438s ]
SQL: SHOW COLUMNS FROM `phone` [ RunTime:0.012490s ]
SQL: SELECT COUNT(*) AS tp_count FROM `orders` WHERE ( tip=1 ) LIMIT 1   [ RunTime:0.000375s ]
NOTIC: 建议使用I方法替代_get
SQL: select orders.id,orders.phoneid,orders.addr,orders.content,orders.num , orders.username,orders.time,phone.color, phone.proname,phone.neicun,phone.cunchu from orders,phone  where orders.phoneid = phone.phoneid and tip=1 limit 0,5 [ RunTime:0.000423s ]
INFO: [ view_parse ] --START--
INFO: ParseTemplate Behavior ::run [ RunTime:0.035182s ]
INFO: [ view_parse ] --END-- [ RunTime:0.035329s ]
INFO: [ view_filter ] --START--
INFO: ContentReplace Behavior ::run [ RunTime:0.000710s ]
INFO: TokenBuild Behavior ::run [ RunTime:0.000651s ]
INFO: WriteHtmlCache Behavior ::run [ RunTime:0.000447s ]
INFO: ShowRuntime Behavior ::run [ RunTime:0.000761s ]
INFO: [ view_filter ] --END-- [ RunTime:0.002897s ]
INFO: [ view_end ] --START--
INFO: ShowPageTrace Behavior ::run [ RunTime:0.001073s ]
INFO: [ view_end ] --END-- [ RunTime:0.001204s ]

[ 2017-06-05T21:13:03+08:00 ] 127.0.0.1 /webshop/admin.php/Order/count
INFO: [ route_check ] --START--
INFO: CheckRoute Behavior ::run [ RunTime:0.001122s ]
INFO: [ route_check ] --END-- [ RunTime:0.001257s ]
INFO: [ app_begin ] --START--
INFO: ReadHtmlCache Behavior ::run [ RunTime:0.001319s ]
INFO: [ app_begin ] --END-- [ RunTime:0.001559s ]
NOTIC: 建议使用I方法替代_get
NOTIC: 建议使用I方法替代_get
NOTIC: 建议使用I方法替代_get
SQL: SHOW COLUMNS FROM `orders` [ RunTime:0.013014s ]
SQL: SHOW COLUMNS FROM `phone` [ RunTime:0.014833s ]
SQL: select phone.proname,phone.price,orders.num from  phone,orders where phone.phoneid = orders.phoneid and phone.brand  like '%%' and time between '2016-01-01 00:00:00' and '2017-06-06 09:13:03' and tip=1 [ RunTime:0.044755s ]
INFO: [ view_parse ] --START--
NOTIC: [8] Undefined variable: brand E:\www\webshop\Admin\Runtime\Cache\2b8280c070ec8137ebd12c07ad43f72d.php 第 88 行.
NOTIC: [8] Undefined variable: brand E:\www\webshop\Admin\Runtime\Cache\2b8280c070ec8137ebd12c07ad43f72d.php 第 88 行.
INFO: ParseTemplate Behavior ::run [ RunTime:0.045104s ]
INFO: [ view_parse ] --END-- [ RunTime:0.045269s ]
INFO: [ view_filter ] --START--
INFO: ContentReplace Behavior ::run [ RunTime:0.000535s ]
INFO: TokenBuild Behavior ::run [ RunTime:0.000508s ]
INFO: WriteHtmlCache Behavior ::run [ RunTime:0.000360s ]
INFO: ShowRuntime Behavior ::run [ RunTime:0.000645s ]
INFO: [ view_filter ] --END-- [ RunTime:0.002291s ]
INFO: [ view_end ] --START--
INFO: ShowPageTrace Behavior ::run [ RunTime:0.000851s ]
INFO: [ view_end ] --END-- [ RunTime:0.000944s ]

[ 2017-06-05T21:13:15+08:00 ] 127.0.0.1 /webshop/admin.php/Admin/adminHome
INFO: [ route_check ] --START--
INFO: CheckRoute Behavior ::run [ RunTime:0.001143s ]
INFO: [ route_check ] --END-- [ RunTime:0.001268s ]
INFO: [ app_begin ] --START--
INFO: ReadHtmlCache Behavior ::run [ RunTime:0.000741s ]
INFO: [ app_begin ] --END-- [ RunTime:0.000834s ]
SQL: SHOW COLUMNS FROM `user` [ RunTime:0.006620s ]
NOTIC: 建议使用I方法替代_get
SQL: SELECT COUNT(*) AS tp_count FROM `user` LIMIT 1   [ RunTime:0.000305s ]
NOTIC: 建议使用I方法替代_get
SQL: SELECT `id`,`username`,`phone`,`frozen`,`time` FROM `user` LIMIT 0,5   [ RunTime:0.000306s ]
INFO: [ view_parse ] --START--
INFO: ParseTemplate Behavior ::run [ RunTime:0.014716s ]
INFO: [ view_parse ] --END-- [ RunTime:0.014844s ]
INFO: [ view_filter ] --START--
INFO: ContentReplace Behavior ::run [ RunTime:0.000507s ]
INFO: TokenBuild Behavior ::run [ RunTime:0.000442s ]
INFO: WriteHtmlCache Behavior ::run [ RunTime:0.000299s ]
INFO: ShowRuntime Behavior ::run [ RunTime:0.000559s ]
INFO: [ view_filter ] --END-- [ RunTime:0.002012s ]
INFO: [ view_end ] --START--
INFO: ShowPageTrace Behavior ::run [ RunTime:0.000721s ]
INFO: [ view_end ] --END-- [ RunTime:0.000807s ]

[ 2017-06-05T21:13:27+08:00 ] 127.0.0.1 /webshop/admin.php/Admin/frozenUser?id=15&searchval=
INFO: [ route_check ] --START--
INFO: CheckRoute Behavior ::run [ RunTime:0.000951s ]
INFO: [ route_check ] --END-- [ RunTime:0.001057s ]
INFO: [ app_begin ] --START--
INFO: ReadHtmlCache Behavior ::run [ RunTime:0.000661s ]
INFO: [ app_begin ] --END-- [ RunTime:0.000728s ]
SQL: SHOW COLUMNS FROM `user` [ RunTime:0.013281s ]
NOTIC: 建议使用I方法替代_get
SQL: SELECT `frozen` FROM `user` WHERE ( id=15 ) LIMIT 1   [ RunTime:0.004032s ]
SQL: UPDATE `user` SET `frozen`=0 WHERE ( id=15 ) [ RunTime:0.114339s ]

[ 2017-06-05T21:14:08+08:00 ] 127.0.0.1 /webshop/admin.php/Order/order
INFO: [ route_check ] --START--
INFO: CheckRoute Behavior ::run [ RunTime:0.001971s ]
INFO: [ route_check ] --END-- [ RunTime:0.002082s ]
INFO: [ app_begin ] --START--
INFO: ReadHtmlCache Behavior ::run [ RunTime:0.001478s ]
INFO: [ app_begin ] --END-- [ RunTime:0.001559s ]
SQL: SHOW COLUMNS FROM `orders` [ RunTime:0.006970s ]
SQL: SHOW COLUMNS FROM `phone` [ RunTime:0.006713s ]
SQL: SELECT COUNT(*) AS tp_count FROM `orders` WHERE ( tip=0 ) LIMIT 1   [ RunTime:0.000306s ]
NOTIC: 建议使用I方法替代_get
SQL: select orders.id,orders.phoneid,orders.addr,orders.content,orders.num , orders.username,orders.time,phone.color, phone.proname,phone.neicun,phone.cunchu from orders,phone  where orders.phoneid = phone.phoneid and tip=0 limit 0,3 [ RunTime:0.000337s ]
INFO: [ view_parse ] --START--
INFO: ParseTemplate Behavior ::run [ RunTime:0.016646s ]
INFO: [ view_parse ] --END-- [ RunTime:0.016761s ]
INFO: [ view_filter ] --START--
INFO: ContentReplace Behavior ::run [ RunTime:0.000568s ]
INFO: TokenBuild Behavior ::run [ RunTime:0.000433s ]
INFO: WriteHtmlCache Behavior ::run [ RunTime:0.000358s ]
INFO: ShowRuntime Behavior ::run [ RunTime:0.000547s ]
INFO: [ view_filter ] --END-- [ RunTime:0.002119s ]
INFO: [ view_end ] --START--
INFO: ShowPageTrace Behavior ::run [ RunTime:0.000776s ]
INFO: [ view_end ] --END-- [ RunTime:0.000858s ]

[ 2017-06-05T21:14:11+08:00 ] 127.0.0.1 /webshop/admin.php/Menu/menu
INFO: [ route_check ] --START--
INFO: CheckRoute Behavior ::run [ RunTime:0.001132s ]
INFO: [ route_check ] --END-- [ RunTime:0.001289s ]
INFO: [ app_begin ] --START--
INFO: ReadHtmlCache Behavior ::run [ RunTime:0.000760s ]
INFO: [ app_begin ] --END-- [ RunTime:0.000858s ]
SQL: SHOW COLUMNS FROM `menu` [ RunTime:0.012695s ]
SQL: SELECT * FROM `menu`  [ RunTime:0.000634s ]
INFO: [ view_parse ] --START--
INFO: ParseTemplate Behavior ::run [ RunTime:0.084127s ]
INFO: [ view_parse ] --END-- [ RunTime:0.084282s ]
INFO: [ view_filter ] --START--
INFO: ContentReplace Behavior ::run [ RunTime:0.000521s ]
INFO: TokenBuild Behavior ::run [ RunTime:0.000439s ]
INFO: WriteHtmlCache Behavior ::run [ RunTime:0.000306s ]
INFO: ShowRuntime Behavior ::run [ RunTime:0.000519s ]
INFO: [ view_filter ] --END-- [ RunTime:0.001983s ]
INFO: [ view_end ] --START--
INFO: ShowPageTrace Behavior ::run [ RunTime:0.000709s ]
INFO: [ view_end ] --END-- [ RunTime:0.000789s ]

[ 2017-06-05T21:14:12+08:00 ] 127.0.0.1 /webshop/admin.php/Product/product
INFO: [ route_check ] --START--
INFO: CheckRoute Behavior ::run [ RunTime:0.000947s ]
INFO: [ route_check ] --END-- [ RunTime:0.001060s ]
INFO: [ app_begin ] --START--
INFO: ReadHtmlCache Behavior ::run [ RunTime:0.000619s ]
INFO: [ app_begin ] --END-- [ RunTime:0.000695s ]
SQL: SHOW COLUMNS FROM `phone` [ RunTime:0.009919s ]
NOTIC: 建议使用I方法替代_get
SQL: SELECT COUNT(*) AS tp_count FROM `phone` LIMIT 1   [ RunTime:0.000272s ]
NOTIC: 建议使用I方法替代_get
SQL: SELECT * FROM `phone` LIMIT 0,3   [ RunTime:0.000295s ]
INFO: [ view_parse ] --START--
INFO: ParseTemplate Behavior ::run [ RunTime:0.023792s ]
INFO: [ view_parse ] --END-- [ RunTime:0.023908s ]
INFO: [ view_filter ] --START--
INFO: ContentReplace Behavior ::run [ RunTime:0.000626s ]
INFO: TokenBuild Behavior ::run [ RunTime:0.000450s ]
INFO: WriteHtmlCache Behavior ::run [ RunTime:0.000295s ]
INFO: ShowRuntime Behavior ::run [ RunTime:0.000555s ]
INFO: [ view_filter ] --END-- [ RunTime:0.002151s ]
INFO: [ view_end ] --START--
INFO: ShowPageTrace Behavior ::run [ RunTime:0.000693s ]
INFO: [ view_end ] --END-- [ RunTime:0.000770s ]

[ 2017-06-05T21:15:19+08:00 ] 127.0.0.1 /webshop/admin.php/Order/order
INFO: [ route_check ] --START--
INFO: CheckRoute Behavior ::run [ RunTime:0.002722s ]
INFO: [ route_check ] --END-- [ RunTime:0.002893s ]
INFO: [ app_begin ] --START--
INFO: ReadHtmlCache Behavior ::run [ RunTime:0.002378s ]
INFO: [ app_begin ] --END-- [ RunTime:0.002520s ]
SQL: SHOW COLUMNS FROM `orders` [ RunTime:0.006242s ]
SQL: SHOW COLUMNS FROM `phone` [ RunTime:0.006146s ]
SQL: SELECT COUNT(*) AS tp_count FROM `orders` WHERE ( tip=0 ) LIMIT 1   [ RunTime:0.000267s ]
NOTIC: 建议使用I方法替代_get
SQL: select orders.id,orders.phoneid,orders.addr,orders.content,orders.num , orders.username,orders.time,phone.color, phone.proname,phone.neicun,phone.cunchu from orders,phone  where orders.phoneid = phone.phoneid and tip=0 limit 0,3 [ RunTime:0.000278s ]
INFO: [ view_parse ] --START--
INFO: ParseTemplate Behavior ::run [ RunTime:0.018407s ]
INFO: [ view_parse ] --END-- [ RunTime:0.018519s ]
INFO: [ view_filter ] --START--
INFO: ContentReplace Behavior ::run [ RunTime:0.001338s ]
INFO: TokenBuild Behavior ::run [ RunTime:0.001310s ]
INFO: WriteHtmlCache Behavior ::run [ RunTime:0.001152s ]
INFO: ShowRuntime Behavior ::run [ RunTime:0.001361s ]
INFO: [ view_filter ] --END-- [ RunTime:0.005365s ]
INFO: [ view_end ] --START--
INFO: ShowPageTrace Behavior ::run [ RunTime:0.001924s ]
INFO: [ view_end ] --END-- [ RunTime:0.002035s ]

[ 2017-06-05T21:15:20+08:00 ] 127.0.0.1 /webshop/admin.php/Order/hasOrder
INFO: [ route_check ] --START--
INFO: CheckRoute Behavior ::run [ RunTime:0.001513s ]
INFO: [ route_check ] --END-- [ RunTime:0.001834s ]
INFO: [ app_begin ] --START--
INFO: ReadHtmlCache Behavior ::run [ RunTime:0.000735s ]
INFO: [ app_begin ] --END-- [ RunTime:0.000821s ]
SQL: SHOW COLUMNS FROM `orders` [ RunTime:0.025245s ]
SQL: SHOW COLUMNS FROM `phone` [ RunTime:0.009330s ]
SQL: SELECT COUNT(*) AS tp_count FROM `orders` WHERE ( tip=1 ) LIMIT 1   [ RunTime:0.000408s ]
NOTIC: 建议使用I方法替代_get
SQL: select orders.id,orders.phoneid,orders.addr,orders.content,orders.num , orders.username,orders.time,phone.color, phone.proname,phone.neicun,phone.cunchu from orders,phone  where orders.phoneid = phone.phoneid and tip=1 limit 0,5 [ RunTime:0.000506s ]
INFO: [ view_parse ] --START--
INFO: ParseTemplate Behavior ::run [ RunTime:0.019101s ]
INFO: [ view_parse ] --END-- [ RunTime:0.019261s ]
INFO: [ view_filter ] --START--
INFO: ContentReplace Behavior ::run [ RunTime:0.000728s ]
INFO: TokenBuild Behavior ::run [ RunTime:0.000658s ]
INFO: WriteHtmlCache Behavior ::run [ RunTime:0.000366s ]
INFO: ShowRuntime Behavior ::run [ RunTime:0.000630s ]
INFO: [ view_filter ] --END-- [ RunTime:0.002666s ]
INFO: [ view_end ] --START--
INFO: ShowPageTrace Behavior ::run [ RunTime:0.001074s ]
INFO: [ view_end ] --END-- [ RunTime:0.001209s ]

[ 2017-06-05T21:15:22+08:00 ] 127.0.0.1 /webshop/admin.php/Order/count
INFO: [ route_check ] --START--
INFO: CheckRoute Behavior ::run [ RunTime:0.000918s ]
INFO: [ route_check ] --END-- [ RunTime:0.001022s ]
INFO: [ app_begin ] --START--
INFO: ReadHtmlCache Behavior ::run [ RunTime:0.000610s ]
INFO: [ app_begin ] --END-- [ RunTime:0.000688s ]
NOTIC: 建议使用I方法替代_get
NOTIC: 建议使用I方法替代_get
NOTIC: 建议使用I方法替代_get
SQL: SHOW COLUMNS FROM `orders` [ RunTime:0.013224s ]
SQL: SHOW COLUMNS FROM `phone` [ RunTime:0.011653s ]
SQL: select phone.proname,phone.price,orders.num from  phone,orders where phone.phoneid = orders.phoneid and phone.brand  like '%%' and time between '2016-01-01 00:00:00' and '2017-06-06 09:15:21' and tip=1 [ RunTime:0.000522s ]
INFO: [ view_parse ] --START--
NOTIC: [8] Undefined variable: brand E:\www\webshop\Admin\Runtime\Cache\2b8280c070ec8137ebd12c07ad43f72d.php 第 88 行.
NOTIC: [8] Undefined variable: brand E:\www\webshop\Admin\Runtime\Cache\2b8280c070ec8137ebd12c07ad43f72d.php 第 88 行.
INFO: ParseTemplate Behavior ::run [ RunTime:0.014928s ]
INFO: [ view_parse ] --END-- [ RunTime:0.015034s ]
INFO: [ view_filter ] --START--
INFO: ContentReplace Behavior ::run [ RunTime:0.000522s ]
INFO: TokenBuild Behavior ::run [ RunTime:0.000505s ]
INFO: WriteHtmlCache Behavior ::run [ RunTime:0.000405s ]
INFO: ShowRuntime Behavior ::run [ RunTime:0.000716s ]
INFO: [ view_filter ] --END-- [ RunTime:0.002406s ]
INFO: [ view_end ] --START--
INFO: ShowPageTrace Behavior ::run [ RunTime:0.000799s ]
INFO: [ view_end ] --END-- [ RunTime:0.000882s ]

